{"C:\\Users\\HP\\OneDrive\\Desktop\\react-learn\\src\\App.js": {"path":"C:\\Users\\HP\\OneDrive\\Desktop\\react-learn\\src\\App.js","statementMap":{"0":{"start":{"line":15,"column":2},"end":{"line":32,"column":4}}},"fnMap":{"0":{"name":"App","decl":{"start":{"line":14,"column":9},"end":{"line":14,"column":12}},"loc":{"start":{"line":14,"column":15},"end":{"line":33,"column":1}},"line":14}},"branchMap":{},"s":{"0":0},"f":{"0":0},"b":{}}
,"C:\\Users\\HP\\OneDrive\\Desktop\\react-learn\\src\\index.js": {"path":"C:\\Users\\HP\\OneDrive\\Desktop\\react-learn\\src\\index.js","statementMap":{"0":{"start":{"line":6,"column":13},"end":{"line":6,"column":65}},"1":{"start":{"line":7,"column":0},"end":{"line":11,"column":2}}},"fnMap":{},"branchMap":{},"s":{"0":0,"1":0},"f":{},"b":{}}
,"C:\\Users\\HP\\OneDrive\\Desktop\\react-learn\\src\\components\\BasicComponent.js": {"path":"C:\\Users\\HP\\OneDrive\\Desktop\\react-learn\\src\\components\\BasicComponent.js","statementMap":{"0":{"start":{"line":5,"column":2},"end":{"line":10,"column":4}}},"fnMap":{"0":{"name":"BasicComponent","decl":{"start":{"line":4,"column":9},"end":{"line":4,"column":23}},"loc":{"start":{"line":4,"column":26},"end":{"line":11,"column":1}},"line":4}},"branchMap":{},"s":{"0":2},"f":{"0":2},"b":{},"_coverageSchema":"1a1c01bbd47fc00a2c39e90264f33305004495a9","hash":"1382c58f8363c2d97d20694f37a8762be3312239"}
,"C:\\Users\\HP\\OneDrive\\Desktop\\react-learn\\src\\components\\EffectExample.js": {"path":"C:\\Users\\HP\\OneDrive\\Desktop\\react-learn\\src\\components\\EffectExample.js","statementMap":{"0":{"start":{"line":4,"column":26},"end":{"line":4,"column":40}},"1":{"start":{"line":6,"column":2},"end":{"line":15,"column":9}},"2":{"start":{"line":8,"column":22},"end":{"line":12,"column":5}},"3":{"start":{"line":10,"column":23},"end":{"line":10,"column":50}},"4":{"start":{"line":11,"column":6},"end":{"line":11,"column":24}},"5":{"start":{"line":14,"column":4},"end":{"line":14,"column":16}},"6":{"start":{"line":17,"column":2},"end":{"line":22,"column":4}}},"fnMap":{"0":{"name":"EffectExample","decl":{"start":{"line":3,"column":9},"end":{"line":3,"column":22}},"loc":{"start":{"line":3,"column":25},"end":{"line":23,"column":1}},"line":3},"1":{"name":"(anonymous_1)","decl":{"start":{"line":6,"column":12},"end":{"line":6,"column":13}},"loc":{"start":{"line":6,"column":18},"end":{"line":15,"column":3}},"line":6},"2":{"name":"(anonymous_2)","decl":{"start":{"line":8,"column":22},"end":{"line":8,"column":23}},"loc":{"start":{"line":8,"column":34},"end":{"line":12,"column":5}},"line":8}},"branchMap":{"0":{"loc":{"start":{"line":20,"column":10},"end":{"line":20,"column":44}},"type":"cond-expr","locations":[{"start":{"line":20,"column":17},"end":{"line":20,"column":29}},{"start":{"line":20,"column":32},"end":{"line":20,"column":44}}],"line":20}},"s":{"0":0,"1":0,"2":0,"3":0,"4":0,"5":0,"6":0},"f":{"0":0,"1":0,"2":0},"b":{"0":[0,0]}}
,"C:\\Users\\HP\\OneDrive\\Desktop\\react-learn\\src\\components\\FormExample.js": {"path":"C:\\Users\\HP\\OneDrive\\Desktop\\react-learn\\src\\components\\FormExample.js","statementMap":{"0":{"start":{"line":5,"column":34},"end":{"line":9,"column":4}},"1":{"start":{"line":12,"column":30},"end":{"line":12,"column":42}},"2":{"start":{"line":14,"column":40},"end":{"line":14,"column":55}},"3":{"start":{"line":17,"column":23},"end":{"line":30,"column":3}},"4":{"start":{"line":18,"column":28},"end":{"line":18,"column":36}},"5":{"start":{"line":19,"column":4},"end":{"line":22,"column":8}},"6":{"start":{"line":19,"column":30},"end":{"line":22,"column":5}},"7":{"start":{"line":24,"column":4},"end":{"line":29,"column":5}},"8":{"start":{"line":25,"column":6},"end":{"line":28,"column":10}},"9":{"start":{"line":25,"column":31},"end":{"line":28,"column":7}},"10":{"start":{"line":33,"column":23},"end":{"line":53,"column":3}},"11":{"start":{"line":34,"column":22},"end":{"line":34,"column":24}},"12":{"start":{"line":36,"column":4},"end":{"line":38,"column":5}},"13":{"start":{"line":37,"column":6},"end":{"line":37,"column":50}},"14":{"start":{"line":40,"column":4},"end":{"line":44,"column":5}},"15":{"start":{"line":41,"column":6},"end":{"line":41,"column":44}},"16":{"start":{"line":42,"column":11},"end":{"line":44,"column":5}},"17":{"start":{"line":43,"column":6},"end":{"line":43,"column":43}},"18":{"start":{"line":46,"column":4},"end":{"line":50,"column":5}},"19":{"start":{"line":47,"column":6},"end":{"line":47,"column":50}},"20":{"start":{"line":48,"column":11},"end":{"line":50,"column":5}},"21":{"start":{"line":49,"column":6},"end":{"line":49,"column":68}},"22":{"start":{"line":52,"column":4},"end":{"line":52,"column":21}},"23":{"start":{"line":56,"column":23},"end":{"line":73,"column":3}},"24":{"start":{"line":57,"column":4},"end":{"line":57,"column":23}},"25":{"start":{"line":58,"column":22},"end":{"line":58,"column":36}},"26":{"start":{"line":60,"column":4},"end":{"line":72,"column":5}},"27":{"start":{"line":62,"column":6},"end":{"line":62,"column":27}},"28":{"start":{"line":64,"column":6},"end":{"line":68,"column":9}},"29":{"start":{"line":71,"column":6},"end":{"line":71,"column":27}},"30":{"start":{"line":75,"column":2},"end":{"line":125,"column":4}}},"fnMap":{"0":{"name":"FormExample","decl":{"start":{"line":3,"column":9},"end":{"line":3,"column":20}},"loc":{"start":{"line":3,"column":23},"end":{"line":126,"column":1}},"line":3},"1":{"name":"(anonymous_1)","decl":{"start":{"line":17,"column":23},"end":{"line":17,"column":24}},"loc":{"start":{"line":17,"column":30},"end":{"line":30,"column":3}},"line":17},"2":{"name":"(anonymous_2)","decl":{"start":{"line":19,"column":16},"end":{"line":19,"column":17}},"loc":{"start":{"line":19,"column":30},"end":{"line":22,"column":5}},"line":19},"3":{"name":"(anonymous_3)","decl":{"start":{"line":25,"column":16},"end":{"line":25,"column":17}},"loc":{"start":{"line":25,"column":31},"end":{"line":28,"column":7}},"line":25},"4":{"name":"(anonymous_4)","decl":{"start":{"line":33,"column":23},"end":{"line":33,"column":24}},"loc":{"start":{"line":33,"column":29},"end":{"line":53,"column":3}},"line":33},"5":{"name":"(anonymous_5)","decl":{"start":{"line":56,"column":23},"end":{"line":56,"column":24}},"loc":{"start":{"line":56,"column":30},"end":{"line":73,"column":3}},"line":56}},"branchMap":{"0":{"loc":{"start":{"line":24,"column":4},"end":{"line":29,"column":5}},"type":"if","locations":[{"start":{"line":24,"column":4},"end":{"line":29,"column":5}},{"start":{},"end":{}}],"line":24},"1":{"loc":{"start":{"line":36,"column":4},"end":{"line":38,"column":5}},"type":"if","locations":[{"start":{"line":36,"column":4},"end":{"line":38,"column":5}},{"start":{},"end":{}}],"line":36},"2":{"loc":{"start":{"line":40,"column":4},"end":{"line":44,"column":5}},"type":"if","locations":[{"start":{"line":40,"column":4},"end":{"line":44,"column":5}},{"start":{"line":42,"column":11},"end":{"line":44,"column":5}}],"line":40},"3":{"loc":{"start":{"line":42,"column":11},"end":{"line":44,"column":5}},"type":"if","locations":[{"start":{"line":42,"column":11},"end":{"line":44,"column":5}},{"start":{},"end":{}}],"line":42},"4":{"loc":{"start":{"line":46,"column":4},"end":{"line":50,"column":5}},"type":"if","locations":[{"start":{"line":46,"column":4},"end":{"line":50,"column":5}},{"start":{"line":48,"column":11},"end":{"line":50,"column":5}}],"line":46},"5":{"loc":{"start":{"line":48,"column":11},"end":{"line":50,"column":5}},"type":"if","locations":[{"start":{"line":48,"column":11},"end":{"line":50,"column":5}},{"start":{},"end":{}}],"line":48},"6":{"loc":{"start":{"line":60,"column":4},"end":{"line":72,"column":5}},"type":"if","locations":[{"start":{"line":60,"column":4},"end":{"line":72,"column":5}},{"start":{"line":69,"column":11},"end":{"line":72,"column":5}}],"line":60},"7":{"loc":{"start":{"line":79,"column":7},"end":{"line":83,"column":7}},"type":"binary-expr","locations":[{"start":{"line":79,"column":7},"end":{"line":79,"column":18}},{"start":{"line":80,"column":8},"end":{"line":82,"column":14}}],"line":79},"8":{"loc":{"start":{"line":93,"column":23},"end":{"line":93,"column":53}},"type":"cond-expr","locations":[{"start":{"line":93,"column":41},"end":{"line":93,"column":48}},{"start":{"line":93,"column":51},"end":{"line":93,"column":53}}],"line":93},"9":{"loc":{"start":{"line":95,"column":11},"end":{"line":95,"column":83}},"type":"binary-expr","locations":[{"start":{"line":95,"column":11},"end":{"line":95,"column":26}},{"start":{"line":95,"column":30},"end":{"line":95,"column":83}}],"line":95},"10":{"loc":{"start":{"line":105,"column":23},"end":{"line":105,"column":50}},"type":"cond-expr","locations":[{"start":{"line":105,"column":38},"end":{"line":105,"column":45}},{"start":{"line":105,"column":48},"end":{"line":105,"column":50}}],"line":105},"11":{"loc":{"start":{"line":107,"column":11},"end":{"line":107,"column":77}},"type":"binary-expr","locations":[{"start":{"line":107,"column":11},"end":{"line":107,"column":23}},{"start":{"line":107,"column":27},"end":{"line":107,"column":77}}],"line":107},"12":{"loc":{"start":{"line":117,"column":23},"end":{"line":117,"column":53}},"type":"cond-expr","locations":[{"start":{"line":117,"column":41},"end":{"line":117,"column":48}},{"start":{"line":117,"column":51},"end":{"line":117,"column":53}}],"line":117},"13":{"loc":{"start":{"line":119,"column":11},"end":{"line":119,"column":83}},"type":"binary-expr","locations":[{"start":{"line":119,"column":11},"end":{"line":119,"column":26}},{"start":{"line":119,"column":30},"end":{"line":119,"column":83}}],"line":119}},"s":{"0":6,"1":6,"2":6,"3":6,"4":0,"5":0,"6":0,"7":0,"8":0,"9":0,"10":6,"11":1,"12":1,"13":1,"14":1,"15":1,"16":0,"17":0,"18":1,"19":1,"20":0,"21":0,"22":1,"23":6,"24":1,"25":1,"26":1,"27":0,"28":0,"29":1,"30":6},"f":{"0":6,"1":0,"2":0,"3":0,"4":1,"5":1},"b":{"0":[0,0],"1":[1,0],"2":[1,0],"3":[0,0],"4":[1,0],"5":[0,0],"6":[0,1],"7":[6,0],"8":[1,5],"9":[6,1],"10":[1,5],"11":[6,1],"12":[1,5],"13":[6,1]},"_coverageSchema":"1a1c01bbd47fc00a2c39e90264f33305004495a9","hash":"11fae9fc92117f8ed401cca82b558155165fa68e"}
,"C:\\Users\\HP\\OneDrive\\Desktop\\react-learn\\src\\components\\PropsExample.js": {"path":"C:\\Users\\HP\\OneDrive\\Desktop\\react-learn\\src\\components\\PropsExample.js","statementMap":{"0":{"start":{"line":5,"column":2},"end":{"line":5,"column":33}},"1":{"start":{"line":10,"column":2},"end":{"line":16,"column":4}}},"fnMap":{"0":{"name":"Greeting","decl":{"start":{"line":4,"column":9},"end":{"line":4,"column":17}},"loc":{"start":{"line":4,"column":28},"end":{"line":6,"column":1}},"line":4},"1":{"name":"PropsExample","decl":{"start":{"line":9,"column":9},"end":{"line":9,"column":21}},"loc":{"start":{"line":9,"column":24},"end":{"line":17,"column":1}},"line":9}},"branchMap":{},"s":{"0":0,"1":0},"f":{"0":0,"1":0},"b":{}}
,"C:\\Users\\HP\\OneDrive\\Desktop\\react-learn\\src\\components\\StateExample.js": {"path":"C:\\Users\\HP\\OneDrive\\Desktop\\react-learn\\src\\components\\StateExample.js","statementMap":{"0":{"start":{"line":5,"column":28},"end":{"line":5,"column":39}},"1":{"start":{"line":7,"column":2},"end":{"line":18,"column":4}},"2":{"start":{"line":11,"column":29},"end":{"line":11,"column":48}},"3":{"start":{"line":14,"column":29},"end":{"line":14,"column":48}}},"fnMap":{"0":{"name":"StateExample","decl":{"start":{"line":3,"column":9},"end":{"line":3,"column":21}},"loc":{"start":{"line":3,"column":24},"end":{"line":19,"column":1}},"line":3},"1":{"name":"(anonymous_1)","decl":{"start":{"line":11,"column":23},"end":{"line":11,"column":24}},"loc":{"start":{"line":11,"column":29},"end":{"line":11,"column":48}},"line":11},"2":{"name":"(anonymous_2)","decl":{"start":{"line":14,"column":23},"end":{"line":14,"column":24}},"loc":{"start":{"line":14,"column":29},"end":{"line":14,"column":48}},"line":14}},"branchMap":{},"s":{"0":10,"1":10,"2":4,"3":2},"f":{"0":10,"1":4,"2":2},"b":{},"_coverageSchema":"1a1c01bbd47fc00a2c39e90264f33305004495a9","hash":"211e7d32c6e7bed147a9d03095caba555a70d1a4"}
,"C:\\Users\\HP\\OneDrive\\Desktop\\react-learn\\src\\components\\ThemeExample.js": {"path":"C:\\Users\\HP\\OneDrive\\Desktop\\react-learn\\src\\components\\ThemeExample.js","statementMap":{"0":{"start":{"line":5,"column":20},"end":{"line":5,"column":30}},"1":{"start":{"line":7,"column":22},"end":{"line":15,"column":3}},"2":{"start":{"line":17,"column":2},"end":{"line":21,"column":4}},"3":{"start":{"line":25,"column":20},"end":{"line":25,"column":30}},"4":{"start":{"line":27,"column":2},"end":{"line":31,"column":4}},"5":{"start":{"line":35,"column":47},"end":{"line":35,"column":57}},"6":{"start":{"line":37,"column":25},"end":{"line":42,"column":3}},"7":{"start":{"line":44,"column":2},"end":{"line":68,"column":4}}},"fnMap":{"0":{"name":"ThemedButton","decl":{"start":{"line":4,"column":9},"end":{"line":4,"column":21}},"loc":{"start":{"line":4,"column":45},"end":{"line":22,"column":1}},"line":4},"1":{"name":"ThemedText","decl":{"start":{"line":24,"column":9},"end":{"line":24,"column":19}},"loc":{"start":{"line":24,"column":34},"end":{"line":32,"column":1}},"line":24},"2":{"name":"ThemeExample","decl":{"start":{"line":34,"column":9},"end":{"line":34,"column":21}},"loc":{"start":{"line":34,"column":24},"end":{"line":69,"column":1}},"line":34}},"branchMap":{},"s":{"0":0,"1":0,"2":0,"3":0,"4":0,"5":0,"6":0,"7":0},"f":{"0":0,"1":0,"2":0},"b":{}}
,"C:\\Users\\HP\\OneDrive\\Desktop\\react-learn\\src\\components\\ErrorBoundary\\ErrorBoundary.js": {"path":"C:\\Users\\HP\\OneDrive\\Desktop\\react-learn\\src\\components\\ErrorBoundary\\ErrorBoundary.js","statementMap":{"0":{"start":{"line":6,"column":4},"end":{"line":6,"column":17}},"1":{"start":{"line":7,"column":4},"end":{"line":7,"column":50}},"2":{"start":{"line":11,"column":4},"end":{"line":11,"column":37}},"3":{"start":{"line":16,"column":4},"end":{"line":16,"column":65}},"4":{"start":{"line":20,"column":4},"end":{"line":22,"column":5}},"5":{"start":{"line":21,"column":6},"end":{"line":21,"column":51}},"6":{"start":{"line":23,"column":4},"end":{"line":23,"column":31}},"7":{"start":{"line":29,"column":20},"end":{"line":29,"column":30}},"8":{"start":{"line":31,"column":17},"end":{"line":59,"column":3}},"9":{"start":{"line":61,"column":24},"end":{"line":75,"column":3}},"10":{"start":{"line":62,"column":4},"end":{"line":74,"column":10}},"11":{"start":{"line":70,"column":23},"end":{"line":70,"column":47}},"12":{"start":{"line":77,"column":2},"end":{"line":81,"column":4}}},"fnMap":{"0":{"name":"(anonymous_0)","decl":{"start":{"line":5,"column":2},"end":{"line":5,"column":3}},"loc":{"start":{"line":5,"column":21},"end":{"line":8,"column":3}},"line":5},"1":{"name":"(anonymous_1)","decl":{"start":{"line":10,"column":2},"end":{"line":10,"column":3}},"loc":{"start":{"line":10,"column":41},"end":{"line":12,"column":3}},"line":10},"2":{"name":"(anonymous_2)","decl":{"start":{"line":14,"column":2},"end":{"line":14,"column":3}},"loc":{"start":{"line":14,"column":38},"end":{"line":17,"column":3}},"line":14},"3":{"name":"(anonymous_3)","decl":{"start":{"line":19,"column":2},"end":{"line":19,"column":3}},"loc":{"start":{"line":19,"column":11},"end":{"line":24,"column":3}},"line":19},"4":{"name":"ErrorBoundary","decl":{"start":{"line":28,"column":9},"end":{"line":28,"column":22}},"loc":{"start":{"line":28,"column":37},"end":{"line":82,"column":1}},"line":28},"5":{"name":"(anonymous_5)","decl":{"start":{"line":61,"column":24},"end":{"line":61,"column":25}},"loc":{"start":{"line":62,"column":4},"end":{"line":74,"column":10}},"line":62},"6":{"name":"(anonymous_6)","decl":{"start":{"line":70,"column":17},"end":{"line":70,"column":18}},"loc":{"start":{"line":70,"column":23},"end":{"line":70,"column":47}},"line":70}},"branchMap":{"0":{"loc":{"start":{"line":20,"column":4},"end":{"line":22,"column":5}},"type":"if","locations":[{"start":{"line":20,"column":4},"end":{"line":22,"column":5}},{"start":{},"end":{}}],"line":20}},"s":{"0":0,"1":0,"2":0,"3":0,"4":0,"5":0,"6":0,"7":0,"8":0,"9":0,"10":0,"11":0,"12":0},"f":{"0":0,"1":0,"2":0,"3":0,"4":0,"5":0,"6":0},"b":{"0":[0,0]}}
,"C:\\Users\\HP\\OneDrive\\Desktop\\react-learn\\src\\components\\QueryExample\\ErrorTrigger.js": {"path":"C:\\Users\\HP\\OneDrive\\Desktop\\react-learn\\src\\components\\QueryExample\\ErrorTrigger.js","statementMap":{"0":{"start":{"line":5,"column":20},"end":{"line":5,"column":30}},"1":{"start":{"line":7,"column":17},"end":{"line":23,"column":3}},"2":{"start":{"line":25,"column":21},"end":{"line":27,"column":3}},"3":{"start":{"line":26,"column":4},"end":{"line":26,"column":74}},"4":{"start":{"line":29,"column":2},"end":{"line":37,"column":4}}},"fnMap":{"0":{"name":"ErrorTrigger","decl":{"start":{"line":4,"column":9},"end":{"line":4,"column":21}},"loc":{"start":{"line":4,"column":24},"end":{"line":38,"column":1}},"line":4},"1":{"name":"(anonymous_1)","decl":{"start":{"line":25,"column":21},"end":{"line":25,"column":22}},"loc":{"start":{"line":25,"column":27},"end":{"line":27,"column":3}},"line":25}},"branchMap":{},"s":{"0":0,"1":0,"2":0,"3":0,"4":0},"f":{"0":0,"1":0},"b":{}}
,"C:\\Users\\HP\\OneDrive\\Desktop\\react-learn\\src\\components\\QueryExample\\PostList.js": {"path":"C:\\Users\\HP\\OneDrive\\Desktop\\react-learn\\src\\components\\QueryExample\\PostList.js","statementMap":{"0":{"start":{"line":7,"column":19},"end":{"line":10,"column":1}},"1":{"start":{"line":8,"column":19},"end":{"line":8,"column":80}},"2":{"start":{"line":9,"column":2},"end":{"line":9,"column":14}},"3":{"start":{"line":13,"column":20},"end":{"line":13,"column":30}},"4":{"start":{"line":20,"column":6},"end":{"line":25,"column":4}},"5":{"start":{"line":27,"column":17},"end":{"line":55,"column":3}},"6":{"start":{"line":57,"column":2},"end":{"line":64,"column":3}},"7":{"start":{"line":58,"column":4},"end":{"line":63,"column":6}},"8":{"start":{"line":66,"column":2},"end":{"line":78,"column":3}},"9":{"start":{"line":67,"column":4},"end":{"line":77,"column":6}},"10":{"start":{"line":80,"column":2},"end":{"line":107,"column":4}},"11":{"start":{"line":89,"column":10},"end":{"line":92,"column":16}}},"fnMap":{"0":{"name":"(anonymous_0)","decl":{"start":{"line":7,"column":19},"end":{"line":7,"column":20}},"loc":{"start":{"line":7,"column":31},"end":{"line":10,"column":1}},"line":7},"1":{"name":"PostList","decl":{"start":{"line":12,"column":9},"end":{"line":12,"column":17}},"loc":{"start":{"line":12,"column":20},"end":{"line":108,"column":1}},"line":12},"2":{"name":"(anonymous_2)","decl":{"start":{"line":88,"column":31},"end":{"line":88,"column":32}},"loc":{"start":{"line":89,"column":10},"end":{"line":92,"column":16}},"line":89}},"branchMap":{"0":{"loc":{"start":{"line":57,"column":2},"end":{"line":64,"column":3}},"type":"if","locations":[{"start":{"line":57,"column":2},"end":{"line":64,"column":3}},{"start":{},"end":{}}],"line":57},"1":{"loc":{"start":{"line":66,"column":2},"end":{"line":78,"column":3}},"type":"if","locations":[{"start":{"line":66,"column":2},"end":{"line":78,"column":3}},{"start":{},"end":{}}],"line":66}},"s":{"0":0,"1":0,"2":0,"3":0,"4":0,"5":0,"6":0,"7":0,"8":0,"9":0,"10":0,"11":0},"f":{"0":0,"1":0,"2":0},"b":{"0":[0,0],"1":[0,0]}}
,"C:\\Users\\HP\\OneDrive\\Desktop\\react-learn\\src\\components\\QueryExample\\QueryExample.js": {"path":"C:\\Users\\HP\\OneDrive\\Desktop\\react-learn\\src\\components\\QueryExample\\QueryExample.js","statementMap":{"0":{"start":{"line":9,"column":20},"end":{"line":16,"column":2}},"1":{"start":{"line":19,"column":2},"end":{"line":27,"column":4}}},"fnMap":{"0":{"name":"QueryExample","decl":{"start":{"line":18,"column":9},"end":{"line":18,"column":21}},"loc":{"start":{"line":18,"column":24},"end":{"line":28,"column":1}},"line":18}},"branchMap":{},"s":{"0":0,"1":0},"f":{"0":0},"b":{}}
,"C:\\Users\\HP\\OneDrive\\Desktop\\react-learn\\src\\components\\ReduxExample\\ReduxExample.js": {"path":"C:\\Users\\HP\\OneDrive\\Desktop\\react-learn\\src\\components\\ReduxExample\\ReduxExample.js","statementMap":{"0":{"start":{"line":7,"column":2},"end":{"line":11,"column":4}}},"fnMap":{"0":{"name":"ReduxExample","decl":{"start":{"line":6,"column":9},"end":{"line":6,"column":21}},"loc":{"start":{"line":6,"column":24},"end":{"line":12,"column":1}},"line":6}},"branchMap":{},"s":{"0":0},"f":{"0":0},"b":{}}
,"C:\\Users\\HP\\OneDrive\\Desktop\\react-learn\\src\\components\\ReduxExample\\TodoList.js": {"path":"C:\\Users\\HP\\OneDrive\\Desktop\\react-learn\\src\\components\\ReduxExample\\TodoList.js","statementMap":{"0":{"start":{"line":7,"column":32},"end":{"line":7,"column":44}},"1":{"start":{"line":8,"column":19},"end":{"line":8,"column":32}},"2":{"start":{"line":9,"column":16},"end":{"line":9,"column":40}},"3":{"start":{"line":10,"column":24},"end":{"line":10,"column":49}},"4":{"start":{"line":11,"column":20},"end":{"line":11,"column":30}},"5":{"start":{"line":13,"column":17},"end":{"line":50,"column":3}},"6":{"start":{"line":52,"column":23},"end":{"line":58,"column":3}},"7":{"start":{"line":53,"column":4},"end":{"line":53,"column":23}},"8":{"start":{"line":54,"column":4},"end":{"line":57,"column":5}},"9":{"start":{"line":55,"column":6},"end":{"line":55,"column":40}},"10":{"start":{"line":56,"column":6},"end":{"line":56,"column":21}},"11":{"start":{"line":60,"column":29},"end":{"line":62,"column":3}},"12":{"start":{"line":61,"column":4},"end":{"line":61,"column":32}},"13":{"start":{"line":64,"column":2},"end":{"line":140,"column":4}},"14":{"start":{"line":72,"column":27},"end":{"line":72,"column":53}},"15":{"start":{"line":84,"column":25},"end":{"line":84,"column":50}},"16":{"start":{"line":93,"column":25},"end":{"line":93,"column":53}},"17":{"start":{"line":102,"column":25},"end":{"line":102,"column":56}},"18":{"start":{"line":110,"column":10},"end":{"line":125,"column":16}},"19":{"start":{"line":114,"column":30},"end":{"line":114,"column":59}},"20":{"start":{"line":121,"column":29},"end":{"line":121,"column":58}}},"fnMap":{"0":{"name":"TodoList","decl":{"start":{"line":6,"column":9},"end":{"line":6,"column":17}},"loc":{"start":{"line":6,"column":20},"end":{"line":141,"column":1}},"line":6},"1":{"name":"(anonymous_1)","decl":{"start":{"line":52,"column":23},"end":{"line":52,"column":24}},"loc":{"start":{"line":52,"column":30},"end":{"line":58,"column":3}},"line":52},"2":{"name":"(anonymous_2)","decl":{"start":{"line":60,"column":29},"end":{"line":60,"column":30}},"loc":{"start":{"line":60,"column":41},"end":{"line":62,"column":3}},"line":60},"3":{"name":"(anonymous_3)","decl":{"start":{"line":72,"column":20},"end":{"line":72,"column":21}},"loc":{"start":{"line":72,"column":27},"end":{"line":72,"column":53}},"line":72},"4":{"name":"(anonymous_4)","decl":{"start":{"line":84,"column":19},"end":{"line":84,"column":20}},"loc":{"start":{"line":84,"column":25},"end":{"line":84,"column":50}},"line":84},"5":{"name":"(anonymous_5)","decl":{"start":{"line":93,"column":19},"end":{"line":93,"column":20}},"loc":{"start":{"line":93,"column":25},"end":{"line":93,"column":53}},"line":93},"6":{"name":"(anonymous_6)","decl":{"start":{"line":102,"column":19},"end":{"line":102,"column":20}},"loc":{"start":{"line":102,"column":25},"end":{"line":102,"column":56}},"line":102},"7":{"name":"(anonymous_7)","decl":{"start":{"line":109,"column":19},"end":{"line":109,"column":20}},"loc":{"start":{"line":110,"column":10},"end":{"line":125,"column":16}},"line":110},"8":{"name":"(anonymous_8)","decl":{"start":{"line":114,"column":24},"end":{"line":114,"column":25}},"loc":{"start":{"line":114,"column":30},"end":{"line":114,"column":59}},"line":114},"9":{"name":"(anonymous_9)","decl":{"start":{"line":121,"column":23},"end":{"line":121,"column":24}},"loc":{"start":{"line":121,"column":29},"end":{"line":121,"column":58}},"line":121}},"branchMap":{"0":{"loc":{"start":{"line":54,"column":4},"end":{"line":57,"column":5}},"type":"if","locations":[{"start":{"line":54,"column":4},"end":{"line":57,"column":5}},{"start":{},"end":{}}],"line":54},"1":{"loc":{"start":{"line":82,"column":21},"end":{"line":82,"column":54}},"type":"cond-expr","locations":[{"start":{"line":82,"column":47},"end":{"line":82,"column":48}},{"start":{"line":82,"column":51},"end":{"line":82,"column":54}}],"line":82},"2":{"loc":{"start":{"line":91,"column":21},"end":{"line":91,"column":57}},"type":"cond-expr","locations":[{"start":{"line":91,"column":50},"end":{"line":91,"column":51}},{"start":{"line":91,"column":54},"end":{"line":91,"column":57}}],"line":91},"3":{"loc":{"start":{"line":100,"column":21},"end":{"line":100,"column":60}},"type":"cond-expr","locations":[{"start":{"line":100,"column":53},"end":{"line":100,"column":54}},{"start":{"line":100,"column":57},"end":{"line":100,"column":60}}],"line":100},"4":{"loc":{"start":{"line":116,"column":25},"end":{"line":116,"column":65}},"type":"cond-expr","locations":[{"start":{"line":116,"column":42},"end":{"line":116,"column":58}},{"start":{"line":116,"column":61},"end":{"line":116,"column":65}}],"line":116}},"s":{"0":20,"1":20,"2":20,"3":20,"4":20,"5":20,"6":20,"7":5,"8":5,"9":5,"10":5,"11":20,"12":2,"13":20,"14":5,"15":0,"16":1,"17":1,"18":12,"19":2,"20":1},"f":{"0":20,"1":5,"2":2,"3":5,"4":0,"5":1,"6":1,"7":12,"8":2,"9":1},"b":{"0":[5,0],"1":[18,2],"2":[1,19],"3":[1,19],"4":[3,9]},"_coverageSchema":"1a1c01bbd47fc00a2c39e90264f33305004495a9","hash":"b35dd844327ea72ebb78651b5f887c5a8de9f69c"}
,"C:\\Users\\HP\\OneDrive\\Desktop\\react-learn\\src\\components\\RouterExample\\Home.js": {"path":"C:\\Users\\HP\\OneDrive\\Desktop\\react-learn\\src\\components\\RouterExample\\Home.js","statementMap":{"0":{"start":{"line":6,"column":20},"end":{"line":6,"column":30}},"1":{"start":{"line":8,"column":17},"end":{"line":20,"column":3}},"2":{"start":{"line":22,"column":2},"end":{"line":37,"column":4}}},"fnMap":{"0":{"name":"Home","decl":{"start":{"line":5,"column":9},"end":{"line":5,"column":13}},"loc":{"start":{"line":5,"column":16},"end":{"line":38,"column":1}},"line":5}},"branchMap":{},"s":{"0":0,"1":0,"2":0},"f":{"0":0},"b":{}}
,"C:\\Users\\HP\\OneDrive\\Desktop\\react-learn\\src\\components\\RouterExample\\ProductDetail.js": {"path":"C:\\Users\\HP\\OneDrive\\Desktop\\react-learn\\src\\components\\RouterExample\\ProductDetail.js","statementMap":{"0":{"start":{"line":6,"column":24},"end":{"line":6,"column":35}},"1":{"start":{"line":7,"column":19},"end":{"line":7,"column":32}},"2":{"start":{"line":8,"column":20},"end":{"line":8,"column":30}},"3":{"start":{"line":10,"column":17},"end":{"line":26,"column":3}},"4":{"start":{"line":28,"column":2},"end":{"line":40,"column":4}},"5":{"start":{"line":35,"column":23},"end":{"line":35,"column":44}}},"fnMap":{"0":{"name":"ProductDetail","decl":{"start":{"line":5,"column":9},"end":{"line":5,"column":22}},"loc":{"start":{"line":5,"column":25},"end":{"line":41,"column":1}},"line":5},"1":{"name":"(anonymous_1)","decl":{"start":{"line":35,"column":17},"end":{"line":35,"column":18}},"loc":{"start":{"line":35,"column":23},"end":{"line":35,"column":44}},"line":35}},"branchMap":{},"s":{"0":0,"1":0,"2":0,"3":0,"4":0,"5":0},"f":{"0":0,"1":0},"b":{}}
,"C:\\Users\\HP\\OneDrive\\Desktop\\react-learn\\src\\components\\RouterExample\\Products.js": {"path":"C:\\Users\\HP\\OneDrive\\Desktop\\react-learn\\src\\components\\RouterExample\\Products.js","statementMap":{"0":{"start":{"line":6,"column":20},"end":{"line":6,"column":30}},"1":{"start":{"line":7,"column":19},"end":{"line":7,"column":32}},"2":{"start":{"line":9,"column":19},"end":{"line":13,"column":3}},"3":{"start":{"line":15,"column":17},"end":{"line":36,"column":3}},"4":{"start":{"line":38,"column":2},"end":{"line":57,"column":4}},"5":{"start":{"line":43,"column":10},"end":{"line":47,"column":15}},"6":{"start":{"line":52,"column":23},"end":{"line":52,"column":36}}},"fnMap":{"0":{"name":"Products","decl":{"start":{"line":5,"column":9},"end":{"line":5,"column":17}},"loc":{"start":{"line":5,"column":20},"end":{"line":58,"column":1}},"line":5},"1":{"name":"(anonymous_1)","decl":{"start":{"line":42,"column":22},"end":{"line":42,"column":23}},"loc":{"start":{"line":43,"column":10},"end":{"line":47,"column":15}},"line":43},"2":{"name":"(anonymous_2)","decl":{"start":{"line":52,"column":17},"end":{"line":52,"column":18}},"loc":{"start":{"line":52,"column":23},"end":{"line":52,"column":36}},"line":52}},"branchMap":{},"s":{"0":0,"1":0,"2":0,"3":0,"4":0,"5":0,"6":0},"f":{"0":0,"1":0,"2":0},"b":{}}
,"C:\\Users\\HP\\OneDrive\\Desktop\\react-learn\\src\\components\\RouterExample\\Profile.js": {"path":"C:\\Users\\HP\\OneDrive\\Desktop\\react-learn\\src\\components\\RouterExample\\Profile.js","statementMap":{"0":{"start":{"line":6,"column":20},"end":{"line":6,"column":30}},"1":{"start":{"line":8,"column":26},"end":{"line":8,"column":31}},"2":{"start":{"line":10,"column":17},"end":{"line":17,"column":3}},"3":{"start":{"line":20,"column":2},"end":{"line":22,"column":3}},"4":{"start":{"line":21,"column":4},"end":{"line":21,"column":39}},"5":{"start":{"line":24,"column":2},"end":{"line":29,"column":4}}},"fnMap":{"0":{"name":"Profile","decl":{"start":{"line":5,"column":9},"end":{"line":5,"column":16}},"loc":{"start":{"line":5,"column":19},"end":{"line":30,"column":1}},"line":5}},"branchMap":{"0":{"loc":{"start":{"line":20,"column":2},"end":{"line":22,"column":3}},"type":"if","locations":[{"start":{"line":20,"column":2},"end":{"line":22,"column":3}},{"start":{},"end":{}}],"line":20}},"s":{"0":0,"1":0,"2":0,"3":0,"4":0,"5":0},"f":{"0":0},"b":{"0":[0,0]}}
,"C:\\Users\\HP\\OneDrive\\Desktop\\react-learn\\src\\components\\RouterExample\\RouterExample.js": {"path":"C:\\Users\\HP\\OneDrive\\Desktop\\react-learn\\src\\components\\RouterExample\\RouterExample.js","statementMap":{"0":{"start":{"line":10,"column":20},"end":{"line":10,"column":30}},"1":{"start":{"line":12,"column":17},"end":{"line":27,"column":3}},"2":{"start":{"line":29,"column":2},"end":{"line":47,"column":4}}},"fnMap":{"0":{"name":"RouterExample","decl":{"start":{"line":9,"column":9},"end":{"line":9,"column":22}},"loc":{"start":{"line":9,"column":25},"end":{"line":48,"column":1}},"line":9}},"branchMap":{},"s":{"0":0,"1":0,"2":0},"f":{"0":0},"b":{}}
,"C:\\Users\\HP\\OneDrive\\Desktop\\react-learn\\src\\context\\ThemeContext.js": {"path":"C:\\Users\\HP\\OneDrive\\Desktop\\react-learn\\src\\context\\ThemeContext.js","statementMap":{"0":{"start":{"line":4,"column":21},"end":{"line":4,"column":36}},"1":{"start":{"line":7,"column":22},"end":{"line":20,"column":1}},"2":{"start":{"line":24,"column":28},"end":{"line":24,"column":45}},"3":{"start":{"line":26,"column":22},"end":{"line":28,"column":3}},"4":{"start":{"line":27,"column":4},"end":{"line":27,"column":68}},"5":{"start":{"line":27,"column":26},"end":{"line":27,"column":66}},"6":{"start":{"line":31,"column":16},"end":{"line":35,"column":3}},"7":{"start":{"line":37,"column":2},"end":{"line":41,"column":4}},"8":{"start":{"line":46,"column":18},"end":{"line":46,"column":42}},"9":{"start":{"line":47,"column":2},"end":{"line":49,"column":3}},"10":{"start":{"line":48,"column":4},"end":{"line":48,"column":68}},"11":{"start":{"line":50,"column":2},"end":{"line":50,"column":17}}},"fnMap":{"0":{"name":"ThemeProvider","decl":{"start":{"line":23,"column":16},"end":{"line":23,"column":29}},"loc":{"start":{"line":23,"column":44},"end":{"line":42,"column":1}},"line":23},"1":{"name":"(anonymous_1)","decl":{"start":{"line":26,"column":22},"end":{"line":26,"column":23}},"loc":{"start":{"line":26,"column":28},"end":{"line":28,"column":3}},"line":26},"2":{"name":"(anonymous_2)","decl":{"start":{"line":27,"column":13},"end":{"line":27,"column":14}},"loc":{"start":{"line":27,"column":26},"end":{"line":27,"column":66}},"line":27},"3":{"name":"useTheme","decl":{"start":{"line":45,"column":16},"end":{"line":45,"column":24}},"loc":{"start":{"line":45,"column":27},"end":{"line":51,"column":1}},"line":45}},"branchMap":{"0":{"loc":{"start":{"line":27,"column":26},"end":{"line":27,"column":66}},"type":"cond-expr","locations":[{"start":{"line":27,"column":50},"end":{"line":27,"column":56}},{"start":{"line":27,"column":59},"end":{"line":27,"column":66}}],"line":27},"1":{"loc":{"start":{"line":47,"column":2},"end":{"line":49,"column":3}},"type":"if","locations":[{"start":{"line":47,"column":2},"end":{"line":49,"column":3}},{"start":{},"end":{}}],"line":47}},"s":{"0":1,"1":1,"2":5,"3":5,"4":0,"5":0,"6":5,"7":5,"8":20,"9":20,"10":0,"11":20},"f":{"0":5,"1":0,"2":0,"3":20},"b":{"0":[0,0],"1":[0,20]},"_coverageSchema":"1a1c01bbd47fc00a2c39e90264f33305004495a9","hash":"e3100bd5f1532273457b29005f9490caa51d4066"}
,"C:\\Users\\HP\\OneDrive\\Desktop\\react-learn\\src\\redux\\store.js": {"path":"C:\\Users\\HP\\OneDrive\\Desktop\\react-learn\\src\\redux\\store.js","statementMap":{"0":{"start":{"line":4,"column":21},"end":{"line":8,"column":2}}},"fnMap":{},"branchMap":{},"s":{"0":0},"f":{},"b":{}}
,"C:\\Users\\HP\\OneDrive\\Desktop\\react-learn\\src\\redux\\todoSlice.js": {"path":"C:\\Users\\HP\\OneDrive\\Desktop\\react-learn\\src\\redux\\todoSlice.js","statementMap":{"0":{"start":{"line":3,"column":21},"end":{"line":6,"column":1}},"1":{"start":{"line":8,"column":25},"end":{"line":32,"column":2}},"2":{"start":{"line":13,"column":6},"end":{"line":17,"column":9}},"3":{"start":{"line":20,"column":19},"end":{"line":20,"column":71}},"4":{"start":{"line":20,"column":44},"end":{"line":20,"column":70}},"5":{"start":{"line":21,"column":6},"end":{"line":23,"column":7}},"6":{"start":{"line":22,"column":8},"end":{"line":22,"column":41}},"7":{"start":{"line":26,"column":6},"end":{"line":26,"column":75}},"8":{"start":{"line":26,"column":47},"end":{"line":26,"column":73}},"9":{"start":{"line":29,"column":6},"end":{"line":29,"column":36}},"10":{"start":{"line":35,"column":62},"end":{"line":35,"column":79}},"11":{"start":{"line":38,"column":27},"end":{"line":50,"column":1}},"12":{"start":{"line":39,"column":16},"end":{"line":39,"column":33}},"13":{"start":{"line":40,"column":17},"end":{"line":40,"column":35}},"14":{"start":{"line":42,"column":2},"end":{"line":49,"column":3}},"15":{"start":{"line":44,"column":6},"end":{"line":44,"column":51}},"16":{"start":{"line":44,"column":34},"end":{"line":44,"column":49}},"17":{"start":{"line":46,"column":6},"end":{"line":46,"column":50}},"18":{"start":{"line":46,"column":34},"end":{"line":46,"column":48}},"19":{"start":{"line":48,"column":6},"end":{"line":48,"column":19}},"20":{"start":{"line":52,"column":28},"end":{"line":52,"column":55}},"21":{"start":{"line":52,"column":37},"end":{"line":52,"column":55}}},"fnMap":{"0":{"name":"(anonymous_0)","decl":{"start":{"line":12,"column":13},"end":{"line":12,"column":14}},"loc":{"start":{"line":12,"column":32},"end":{"line":18,"column":5}},"line":12},"1":{"name":"(anonymous_1)","decl":{"start":{"line":19,"column":16},"end":{"line":19,"column":17}},"loc":{"start":{"line":19,"column":35},"end":{"line":24,"column":5}},"line":19},"2":{"name":"(anonymous_2)","decl":{"start":{"line":20,"column":36},"end":{"line":20,"column":37}},"loc":{"start":{"line":20,"column":44},"end":{"line":20,"column":70}},"line":20},"3":{"name":"(anonymous_3)","decl":{"start":{"line":25,"column":16},"end":{"line":25,"column":17}},"loc":{"start":{"line":25,"column":35},"end":{"line":27,"column":5}},"line":25},"4":{"name":"(anonymous_4)","decl":{"start":{"line":26,"column":39},"end":{"line":26,"column":40}},"loc":{"start":{"line":26,"column":47},"end":{"line":26,"column":73}},"line":26},"5":{"name":"(anonymous_5)","decl":{"start":{"line":28,"column":15},"end":{"line":28,"column":16}},"loc":{"start":{"line":28,"column":34},"end":{"line":30,"column":5}},"line":28},"6":{"name":"(anonymous_6)","decl":{"start":{"line":38,"column":27},"end":{"line":38,"column":28}},"loc":{"start":{"line":38,"column":36},"end":{"line":50,"column":1}},"line":38},"7":{"name":"(anonymous_7)","decl":{"start":{"line":44,"column":26},"end":{"line":44,"column":27}},"loc":{"start":{"line":44,"column":34},"end":{"line":44,"column":49}},"line":44},"8":{"name":"(anonymous_8)","decl":{"start":{"line":46,"column":26},"end":{"line":46,"column":27}},"loc":{"start":{"line":46,"column":34},"end":{"line":46,"column":48}},"line":46},"9":{"name":"(anonymous_9)","decl":{"start":{"line":52,"column":28},"end":{"line":52,"column":29}},"loc":{"start":{"line":52,"column":37},"end":{"line":52,"column":55}},"line":52}},"branchMap":{"0":{"loc":{"start":{"line":21,"column":6},"end":{"line":23,"column":7}},"type":"if","locations":[{"start":{"line":21,"column":6},"end":{"line":23,"column":7}},{"start":{},"end":{}}],"line":21},"1":{"loc":{"start":{"line":42,"column":2},"end":{"line":49,"column":3}},"type":"switch","locations":[{"start":{"line":43,"column":4},"end":{"line":44,"column":51}},{"start":{"line":45,"column":4},"end":{"line":46,"column":50}},{"start":{"line":47,"column":4},"end":{"line":48,"column":19}}],"line":42}},"s":{"0":1,"1":1,"2":5,"3":2,"4":3,"5":2,"6":2,"7":1,"8":1,"9":2,"10":1,"11":1,"12":20,"13":20,"14":20,"15":1,"16":2,"17":1,"18":2,"19":18,"20":1,"21":20},"f":{"0":5,"1":2,"2":3,"3":1,"4":1,"5":2,"6":20,"7":2,"8":2,"9":20},"b":{"0":[2,0],"1":[1,1,18]},"_coverageSchema":"1a1c01bbd47fc00a2c39e90264f33305004495a9","hash":"d76ec033e107cc427482006810b2c1232cee0965"}
}
