TN:
SF:src\App.js
FN:14,App
FNF:1
FNH:0
FNDA:0,App
DA:15,0
LF:1
LH:0
BRF:0
BRH:0
end_of_record
TN:
SF:src\index.js
FNF:0
FNH:0
DA:6,0
DA:7,0
LF:2
LH:0
BRF:0
BRH:0
end_of_record
TN:
SF:src\components\BasicComponent.js
FN:4,BasicComponent
FNF:1
FNH:1
FNDA:2,BasicComponent
DA:5,2
LF:1
LH:1
BRF:0
BRH:0
end_of_record
TN:
SF:src\components\EffectExample.js
FN:3,EffectExample
FN:6,(anonymous_1)
FN:8,(anonymous_2)
FNF:3
FNH:0
FNDA:0,EffectExample
FNDA:0,(anonymous_1)
FNDA:0,(anonymous_2)
DA:4,0
DA:6,0
DA:8,0
DA:10,0
DA:11,0
DA:14,0
DA:17,0
LF:7
LH:0
BRDA:20,0,0,0
BRDA:20,0,1,0
BRF:2
BRH:0
end_of_record
TN:
SF:src\components\FormExample.js
FN:3,FormExample
FN:17,(anonymous_1)
FN:19,(anonymous_2)
FN:25,(anonymous_3)
FN:33,(anonymous_4)
FN:56,(anonymous_5)
FNF:6
FNH:3
FNDA:6,FormExample
FNDA:0,(anonymous_1)
FNDA:0,(anonymous_2)
FNDA:0,(anonymous_3)
FNDA:1,(anonymous_4)
FNDA:1,(anonymous_5)
DA:5,6
DA:12,6
DA:14,6
DA:17,6
DA:18,0
DA:19,0
DA:24,0
DA:25,0
DA:33,6
DA:34,1
DA:36,1
DA:37,1
DA:40,1
DA:41,1
DA:42,0
DA:43,0
DA:46,1
DA:47,1
DA:48,0
DA:49,0
DA:52,1
DA:56,6
DA:57,1
DA:58,1
DA:60,1
DA:62,0
DA:64,0
DA:71,1
DA:75,6
LF:29
LH:19
BRDA:24,0,0,0
BRDA:24,0,1,0
BRDA:36,1,0,1
BRDA:36,1,1,0
BRDA:40,2,0,1
BRDA:40,2,1,0
BRDA:42,3,0,0
BRDA:42,3,1,0
BRDA:46,4,0,1
BRDA:46,4,1,0
BRDA:48,5,0,0
BRDA:48,5,1,0
BRDA:60,6,0,0
BRDA:60,6,1,1
BRDA:79,7,0,6
BRDA:79,7,1,0
BRDA:93,8,0,1
BRDA:93,8,1,5
BRDA:95,9,0,6
BRDA:95,9,1,1
BRDA:105,10,0,1
BRDA:105,10,1,5
BRDA:107,11,0,6
BRDA:107,11,1,1
BRDA:117,12,0,1
BRDA:117,12,1,5
BRDA:119,13,0,6
BRDA:119,13,1,1
BRF:28
BRH:17
end_of_record
TN:
SF:src\components\PropsExample.js
FN:4,Greeting
FN:9,PropsExample
FNF:2
FNH:0
FNDA:0,Greeting
FNDA:0,PropsExample
DA:5,0
DA:10,0
LF:2
LH:0
BRF:0
BRH:0
end_of_record
TN:
SF:src\components\StateExample.js
FN:3,StateExample
FN:11,(anonymous_1)
FN:14,(anonymous_2)
FNF:3
FNH:3
FNDA:10,StateExample
FNDA:4,(anonymous_1)
FNDA:2,(anonymous_2)
DA:5,10
DA:7,10
DA:11,4
DA:14,2
LF:4
LH:4
BRF:0
BRH:0
end_of_record
TN:
SF:src\components\ThemeExample.js
FN:4,ThemedButton
FN:24,ThemedText
FN:34,ThemeExample
FNF:3
FNH:0
FNDA:0,ThemedButton
FNDA:0,ThemedText
FNDA:0,ThemeExample
DA:5,0
DA:7,0
DA:17,0
DA:25,0
DA:27,0
DA:35,0
DA:37,0
DA:44,0
LF:8
LH:0
BRF:0
BRH:0
end_of_record
TN:
SF:src\components\ErrorBoundary\ErrorBoundary.js
FN:5,(anonymous_0)
FN:10,(anonymous_1)
FN:14,(anonymous_2)
FN:19,(anonymous_3)
FN:28,ErrorBoundary
FN:61,(anonymous_5)
FN:70,(anonymous_6)
FNF:7
FNH:0
FNDA:0,(anonymous_0)
FNDA:0,(anonymous_1)
FNDA:0,(anonymous_2)
FNDA:0,(anonymous_3)
FNDA:0,ErrorBoundary
FNDA:0,(anonymous_5)
FNDA:0,(anonymous_6)
DA:6,0
DA:7,0
DA:11,0
DA:16,0
DA:20,0
DA:21,0
DA:23,0
DA:29,0
DA:31,0
DA:61,0
DA:62,0
DA:70,0
DA:77,0
LF:13
LH:0
BRDA:20,0,0,0
BRDA:20,0,1,0
BRF:2
BRH:0
end_of_record
TN:
SF:src\components\QueryExample\ErrorTrigger.js
FN:4,ErrorTrigger
FN:25,(anonymous_1)
FNF:2
FNH:0
FNDA:0,ErrorTrigger
FNDA:0,(anonymous_1)
DA:5,0
DA:7,0
DA:25,0
DA:26,0
DA:29,0
LF:5
LH:0
BRF:0
BRH:0
end_of_record
TN:
SF:src\components\QueryExample\PostList.js
FN:7,(anonymous_0)
FN:12,PostList
FN:88,(anonymous_2)
FNF:3
FNH:0
FNDA:0,(anonymous_0)
FNDA:0,PostList
FNDA:0,(anonymous_2)
DA:7,0
DA:8,0
DA:9,0
DA:13,0
DA:20,0
DA:27,0
DA:57,0
DA:58,0
DA:66,0
DA:67,0
DA:80,0
DA:89,0
LF:12
LH:0
BRDA:57,0,0,0
BRDA:57,0,1,0
BRDA:66,1,0,0
BRDA:66,1,1,0
BRF:4
BRH:0
end_of_record
TN:
SF:src\components\QueryExample\QueryExample.js
FN:18,QueryExample
FNF:1
FNH:0
FNDA:0,QueryExample
DA:9,0
DA:19,0
LF:2
LH:0
BRF:0
BRH:0
end_of_record
TN:
SF:src\components\ReduxExample\ReduxExample.js
FN:6,ReduxExample
FNF:1
FNH:0
FNDA:0,ReduxExample
DA:7,0
LF:1
LH:0
BRF:0
BRH:0
end_of_record
TN:
SF:src\components\ReduxExample\TodoList.js
FN:6,TodoList
FN:52,(anonymous_1)
FN:60,(anonymous_2)
FN:72,(anonymous_3)
FN:84,(anonymous_4)
FN:93,(anonymous_5)
FN:102,(anonymous_6)
FN:109,(anonymous_7)
FN:114,(anonymous_8)
FN:121,(anonymous_9)
FNF:10
FNH:9
FNDA:20,TodoList
FNDA:5,(anonymous_1)
FNDA:2,(anonymous_2)
FNDA:5,(anonymous_3)
FNDA:0,(anonymous_4)
FNDA:1,(anonymous_5)
FNDA:1,(anonymous_6)
FNDA:12,(anonymous_7)
FNDA:2,(anonymous_8)
FNDA:1,(anonymous_9)
DA:7,20
DA:8,20
DA:9,20
DA:10,20
DA:11,20
DA:13,20
DA:52,20
DA:53,5
DA:54,5
DA:55,5
DA:56,5
DA:60,20
DA:61,2
DA:64,20
DA:72,5
DA:84,0
DA:93,1
DA:102,1
DA:110,12
DA:114,2
DA:121,1
LF:21
LH:20
BRDA:54,0,0,5
BRDA:54,0,1,0
BRDA:82,1,0,18
BRDA:82,1,1,2
BRDA:91,2,0,1
BRDA:91,2,1,19
BRDA:100,3,0,1
BRDA:100,3,1,19
BRDA:116,4,0,3
BRDA:116,4,1,9
BRF:10
BRH:9
end_of_record
TN:
SF:src\components\RouterExample\Home.js
FN:5,Home
FNF:1
FNH:0
FNDA:0,Home
DA:6,0
DA:8,0
DA:22,0
LF:3
LH:0
BRF:0
BRH:0
end_of_record
TN:
SF:src\components\RouterExample\ProductDetail.js
FN:5,ProductDetail
FN:35,(anonymous_1)
FNF:2
FNH:0
FNDA:0,ProductDetail
FNDA:0,(anonymous_1)
DA:6,0
DA:7,0
DA:8,0
DA:10,0
DA:28,0
DA:35,0
LF:6
LH:0
BRF:0
BRH:0
end_of_record
TN:
SF:src\components\RouterExample\Products.js
FN:5,Products
FN:42,(anonymous_1)
FN:52,(anonymous_2)
FNF:3
FNH:0
FNDA:0,Products
FNDA:0,(anonymous_1)
FNDA:0,(anonymous_2)
DA:6,0
DA:7,0
DA:9,0
DA:15,0
DA:38,0
DA:43,0
DA:52,0
LF:7
LH:0
BRF:0
BRH:0
end_of_record
TN:
SF:src\components\RouterExample\Profile.js
FN:5,Profile
FNF:1
FNH:0
FNDA:0,Profile
DA:6,0
DA:8,0
DA:10,0
DA:20,0
DA:21,0
DA:24,0
LF:6
LH:0
BRDA:20,0,0,0
BRDA:20,0,1,0
BRF:2
BRH:0
end_of_record
TN:
SF:src\components\RouterExample\RouterExample.js
FN:9,RouterExample
FNF:1
FNH:0
FNDA:0,RouterExample
DA:10,0
DA:12,0
DA:29,0
LF:3
LH:0
BRF:0
BRH:0
end_of_record
TN:
SF:src\context\ThemeContext.js
FN:23,ThemeProvider
FN:26,(anonymous_1)
FN:27,(anonymous_2)
FN:45,useTheme
FNF:4
FNH:2
FNDA:5,ThemeProvider
FNDA:0,(anonymous_1)
FNDA:0,(anonymous_2)
FNDA:20,useTheme
DA:4,1
DA:7,1
DA:24,5
DA:26,5
DA:27,0
DA:31,5
DA:37,5
DA:46,20
DA:47,20
DA:48,0
DA:50,20
LF:11
LH:9
BRDA:27,0,0,0
BRDA:27,0,1,0
BRDA:47,1,0,0
BRDA:47,1,1,20
BRF:4
BRH:1
end_of_record
TN:
SF:src\redux\store.js
FNF:0
FNH:0
DA:4,0
LF:1
LH:0
BRF:0
BRH:0
end_of_record
TN:
SF:src\redux\todoSlice.js
FN:12,(anonymous_0)
FN:19,(anonymous_1)
FN:20,(anonymous_2)
FN:25,(anonymous_3)
FN:26,(anonymous_4)
FN:28,(anonymous_5)
FN:38,(anonymous_6)
FN:44,(anonymous_7)
FN:46,(anonymous_8)
FN:52,(anonymous_9)
FNF:10
FNH:10
FNDA:5,(anonymous_0)
FNDA:2,(anonymous_1)
FNDA:3,(anonymous_2)
FNDA:1,(anonymous_3)
FNDA:1,(anonymous_4)
FNDA:2,(anonymous_5)
FNDA:20,(anonymous_6)
FNDA:2,(anonymous_7)
FNDA:2,(anonymous_8)
FNDA:20,(anonymous_9)
DA:3,1
DA:8,1
DA:13,5
DA:20,3
DA:21,2
DA:22,2
DA:26,1
DA:29,2
DA:35,1
DA:38,1
DA:39,20
DA:40,20
DA:42,20
DA:44,2
DA:46,2
DA:48,18
DA:52,20
LF:17
LH:17
BRDA:21,0,0,2
BRDA:21,0,1,0
BRDA:42,1,0,1
BRDA:42,1,1,1
BRDA:42,1,2,18
BRF:5
BRH:4
end_of_record
